[0;32m[1m****************************************************************** [0;34m[1mChecking 07/11/22 10:26:26[0;32m[1m ******************************************************************[0m[0m
[0;32m[1m200[0m[0m [1;33m[1m[1.058726s][0m[0m [0;36m[1m[*]Checking 07/11/22 10:26:27--> [1;33m[1mhttps://www.xxxxxx.com[0;35m[1m [*] [0;32m[1mC=1 -> [0;36m[1mS=1 [1;33m[1mS5=0 [0;31m[1mE=0 [0;31m[1m<[FAIL]> [0m[0m
[0;31m[1m000[0m[0m [0;34m[1m[0.246978s][0m[0m [0;36m[1m[*]Checking 07/11/22 10:26:27--> [1;33m[1mhttps://www.yyyyyy.com[0;35m[1m [*] [0;32m[1mC=1 -> [0;36m[1mS=0 [1;33m[1mS5=0 [0;31m[1mE=1 [0;31m[1m<[FAIL]> [0m[0m
[0;31m[1m000[0m[0m [0;34m[1m[0.237499s][0m[0m [0;36m[1m[*]Checking 07/11/22 10:26:28--> [1;33m[1mhttps://www.dddddd.com[0;35m[1m [*] [0;32m[1mC=1 -> [0;36m[1mS=0 [1;33m[1mS5=0 [0;31m[1mE=1 [0;31m[1m<[FAIL]> [0m[0m
[0;31m[1m000[0m[0m [0;31m[1m[11.722444s][0m[0m [0;36m[1m[*]Checking 07/11/22 10:26:41--> [1;33m[1mhttps://www.bbbbbb.com[0;35m[1m [*] [0;32m[1mC=1 -> [0;36m[1mS=0 [1;33m[1mS5=1 [0;31m[1mE=1 [0;31m[1m<[FAIL]> [0m[0m
[0;31m[1m000[0m[0m [0;34m[1m[0.836750s][0m[0m [0;36m[1m[*]Checking 07/11/22 10:26:42--> [1;33m[1mhttps://www.zzzzzz.com[0;35m[1m [*] [0;32m[1mC=1 -> [0;36m[1mS=0 [1;33m[1mS5=0 [0;31m[1mE=1 [0;31m[1m<[FAIL]> [0m[0m
[0;32m[1m200[0m[0m [0;34m[1m[0.821334s][0m[0m [0;36m[1m[*]Checking 07/11/22 10:27:43--> [1;33m[1mhttps://www.xxxxxx.com[0;35m[1m [*] [0;32m[1mC=2 -> [0;36m[1mS=1 [1;33m[1mS5=0 [0;31m[1mE=0 [0;32m[1m<[OK]> [0m[0m
[0;31m[1m000[0m[0m [0;34m[1m[0.118223s][0m[0m [0;36m[1m[*]Checking 07/11/22 10:27:44--> [1;33m[1mhttps://www.yyyyyy.com[0;35m[1m [*] [0;32m[1mC=2 -> [0;36m[1mS=0 [1;33m[1mS5=0 [0;31m[1mE=2 [0;31m[1m<[FAIL]> [0m[0m
[0;31m[1m000[0m[0m [0;34m[1m[0.117992s][0m[0m [0;36m[1m[*]Checking 07/11/22 10:27:44--> [1;33m[1mhttps://www.dddddd.com[0;35m[1m [*] [0;32m[1mC=2 -> [0;36m[1mS=0 [1;33m[1mS5=0 [0;31m[1mE=2 [0;31m[1m<[FAIL]> [0m[0m
[0;31m[1m000[0m[0m [0;31m[1m[11.654925s][0m[0m [0;36m[1m[*]Checking 07/11/22 10:27:57--> [1;33m[1mhttps://www.bbbbbb.com[0;35m[1m [*] [0;32m[1mC=2 -> [0;36m[1mS=0 [1;33m[1mS5=2 [0;31m[1mE=2 [0;31m[1m<[FAIL]> [0m[0m
[0;31m[1m000[0m[0m [0;34m[1m[0.686092s][0m[0m [0;36m[1m[*]Checking 07/11/22 10:27:58--> [1;33m[1mhttps://www.zzzzzz.com[0;35m[1m [*] [0;32m[1mC=2 -> [0;36m[1mS=0 [1;33m[1mS5=0 [0;31m[1mE=2 [0;31m[1m<[FAIL]> [0m[0m
[0;32m[1m200[0m[0m [0;34m[1m[0.869791s][0m[0m [0;36m[1m[*]Checking 07/11/22 10:28:59--> [1;33m[1mhttps://www.xxxxxx.com[0;35m[1m [*] [0;32m[1mC=3 -> [0;36m[1mS=1 [1;33m[1mS5=0 [0;31m[1mE=0 [0;32m[1m<[OK]> [0m[0m
[0;31m[1m000[0m[0m [0;34m[1m[0.120535s][0m[0m [0;36m[1m[*]Checking 07/11/22 10:29:00--> [1;33m[1mhttps://www.yyyyyy.com[0;35m[1m [*] [0;32m[1mC=3 -> [0;36m[1mS=0 [1;33m[1mS5=0 [0;31m[1mE=3 [0;31m[1m<[FAIL]> [0m[0m
[0;31m[1m000[0m[0m [0;34m[1m[0.118366s][0m[0m [0;36m[1m[*]Checking 07/11/22 10:29:01--> [1;33m[1mhttps://www.dddddd.com[0;35m[1m [*] [0;32m[1mC=3 -> [0;36m[1mS=0 [1;33m[1mS5=0 [0;31m[1mE=3 [0;31m[1m<[FAIL]> [0m[0m
[0;31m[1m000[0m[0m [0;31m[1m[11.631631s][0m[0m [0;36m[1m[*]Checking 07/11/22 10:29:13--> [1;33m[1mhttps://www.bbbbbb.com[0;35m[1m [*] [0;32m[1mC=3 -> [0;36m[1mS=0 [1;33m[1mS5=3 [0;31m[1mE=3 [0;31m[1m<[FAIL]> [0m[0m
[0;31m[1m000[0m[0m [0;34m[1m[0.709224s][0m[0m [0;36m[1m[*]Checking 07/11/22 10:29:15--> [1;33m[1mhttps://www.zzzzzz.com[0;35m[1m [*] [0;32m[1mC=3 -> [0;36m[1mS=0 [1;33m[1mS5=0 [0;31m[1mE=3 [0;31m[1m<[FAIL]> [0m[0m
[0;32m[1m200[0m[0m [0;34m[1m[0.826125s][0m[0m [0;36m[1m[*]Checking 07/11/22 10:30:16--> [1;33m[1mhttps://www.xxxxxx.com[0;35m[1m [*] [0;32m[1mC=4 -> [0;36m[1mS=1 [1;33m[1mS5=0 [0;31m[1mE=0 [0;32m[1m<[OK]> [0m[0m
[0;31m[1m000[0m[0m [0;34m[1m[0.118031s][0m[0m [0;36m[1m[*]Checking 07/11/22 10:30:16--> [1;33m[1mhttps://www.yyyyyy.com[0;35m[1m [*] [0;32m[1mC=4 -> [0;36m[1mS=0 [1;33m[1mS5=0 [0;31m[1mE=4 [0;31m[1m<[FAIL]> [0m[0m
[0;31m[1m000[0m[0m [0;34m[1m[0.120818s][0m[0m [0;36m[1m[*]Checking 07/11/22 10:30:17--> [1;33m[1mhttps://www.dddddd.com[0;35m[1m [*] [0;32m[1mC=4 -> [0;36m[1mS=0 [1;33m[1mS5=0 [0;31m[1mE=4 [0;31m[1m<[FAIL]> [0m[0m
[0;31m[1m000[0m[0m [0;31m[1m[15.605559s][0m[0m [0;36m[1m[*]Checking 07/11/22 10:30:34--> [1;33m[1mhttps://www.bbbbbb.com[0;35m[1m [*] [0;32m[1mC=4 -> [0;36m[1mS=0 [1;33m[1mS5=4 [0;31m[1mE=4 [0;31m[1m<[FAIL]> [0m[0m
[0;31m[1m000[0m[0m [0;34m[1m[0.736300s][0m[0m [0;36m[1m[*]Checking 07/11/22 10:30:35--> [1;33m[1mhttps://www.zzzzzz.com[0;35m[1m [*] [0;32m[1mC=4 -> [0;36m[1mS=0 [1;33m[1mS5=0 [0;31m[1mE=4 [0;31m[1m<[FAIL]> [0m[0m
[0;32m[1m200[0m[0m [0;34m[1m[0.920122s][0m[0m [0;36m[1m[*]Checking 07/11/22 10:31:36--> [1;33m[1mhttps://www.xxxxxx.com[0;35m[1m [*] [0;32m[1mC=5 -> [0;36m[1mS=1 [1;33m[1mS5=0 [0;31m[1mE=0 [0;32m[1m<[OK]> [0m[0m
[0;31m[1m000[0m[0m [0;34m[1m[0.119889s][0m[0m [0;36m[1m[*]Checking 07/11/22 10:31:37--> [1;33m[1mhttps://www.yyyyyy.com[0;35m[1m [*] [0;32m[1mC=5 -> [0;36m[1mS=0 [1;33m[1mS5=0 [0;31m[1mE=5 [0;31m[1m<[FAIL]> [0m[0m
[0;31m[1m000[0m[0m [0;34m[1m[0.118699s][0m[0m [0;36m[1m[*]Checking 07/11/22 10:31:37--> [1;33m[1mhttps://www.dddddd.com[0;35m[1m [*] [0;32m[1mC=5 -> [0;36m[1mS=0 [1;33m[1mS5=0 [0;31m[1mE=5 [0;31m[1m<[FAIL]> [0m[0m
[0;31m[1m000[0m[0m [0;31m[1m[11.644092s][0m[0m [0;36m[1m[*]Checking 07/11/22 10:31:50--> [1;33m[1mhttps://www.bbbbbb.com[0;35m[1m [*] [0;32m[1mC=5 -> [0;36m[1mS=0 [1;33m[1mS5=5 [0;31m[1mE=5 [0;31m[1m<[FAIL]> [0m[0m
[0;31m[1m000[0m[0m [0;34m[1m[0.725755s][0m[0m [0;36m[1m[*]Checking 07/11/22 10:31:52--> [1;33m[1mhttps://www.zzzzzz.com[0;35m[1m [*] [0;32m[1mC=5 -> [0;36m[1mS=0 [1;33m[1mS5=0 [0;31m[1mE=5 [0;31m[1m<[FAIL]> [0m[0m
[0;32m[1m200[0m[0m [0;34m[1m[0.829848s][0m[0m [0;36m[1m[*]Checking 07/11/22 10:32:53--> [1;33m[1mhttps://www.xxxxxx.com[0;35m[1m [*] [0;32m[1mC=6 -> [0;36m[1mS=1 [1;33m[1mS5=0 [0;31m[1mE=0 [0;32m[1m<[OK]> [0m[0m
[0;31m[1m000[0m[0m [0;34m[1m[0.119711s][0m[0m [0;36m[1m[*]Checking 07/11/22 10:32:53--> [1;33m[1mhttps://www.yyyyyy.com[0;35m[1m [*] [0;32m[1mC=6 -> [0;36m[1mS=0 [1;33m[1mS5=0 [0;31m[1mE=6 [0;31m[1m<[FAIL]> [0m[0m
[0;31m[1m000[0m[0m [0;34m[1m[0.120536s][0m[0m [0;36m[1m[*]Checking 07/11/22 10:32:54--> [1;33m[1mhttps://www.dddddd.com[0;35m[1m [*] [0;32m[1mC=6 -> [0;36m[1mS=0 [1;33m[1mS5=0 [0;31m[1mE=6 [0;31m[1m<[FAIL]> [0m[0m
[0;31m[1m000[0m[0m [0;31m[1m[11.703382s][0m[0m [0;36m[1m[*]Checking 07/11/22 10:33:07--> [1;33m[1mhttps://www.bbbbbb.com[0;35m[1m [*] [0;32m[1mC=6 -> [0;36m[1mS=0 [1;33m[1mS5=6 [0;31m[1mE=6 [0;31m[1m<[FAIL]> [0m[0m
[0;31m[1m000[0m[0m [0;34m[1m[0.787148s][0m[0m [0;36m[1m[*]Checking 07/11/22 10:33:08--> [1;33m[1mhttps://www.zzzzzz.com[0;35m[1m [*] [0;32m[1mC=6 -> [0;36m[1mS=0 [1;33m[1mS5=0 [0;31m[1mE=6 [0;31m[1m<[FAIL]> [0m[0m
[0;32m[1m200[0m[0m [0;34m[1m[0.837750s][0m[0m [0;36m[1m[*]Checking 07/11/22 10:34:09--> [1;33m[1mhttps://www.xxxxxx.com[0;35m[1m [*] [0;32m[1mC=7 -> [0;36m[1mS=1 [1;33m[1mS5=0 [0;31m[1mE=0 [0;32m[1m<[OK]> [0m[0m
[0;31m[1m000[0m[0m [0;34m[1m[0.118651s][0m[0m [0;36m[1m[*]Checking 07/11/22 10:34:10--> [1;33m[1mhttps://www.yyyyyy.com[0;35m[1m [*] [0;32m[1mC=7 -> [0;36m[1mS=0 [1;33m[1mS5=0 [0;31m[1mE=7 [0;31m[1m<[FAIL]> [0m[0m
[0;31m[1m000[0m[0m [0;34m[1m[0.118748s][0m[0m [0;36m[1m[*]Checking 07/11/22 10:34:10--> [1;33m[1mhttps://www.dddddd.com[0;35m[1m [*] [0;32m[1mC=7 -> [0;36m[1mS=0 [1;33m[1mS5=0 [0;31m[1mE=7 [0;31m[1m<[FAIL]> [0m[0m
[0;31m[1m000[0m[0m [0;31m[1m[11.714229s][0m[0m [0;36m[1m[*]Checking 07/11/22 10:34:23--> [1;33m[1mhttps://www.bbbbbb.com[0;35m[1m [*] [0;32m[1mC=7 -> [0;36m[1mS=0 [1;33m[1mS5=7 [0;31m[1mE=7 [0;31m[1m<[FAIL]> [0m[0m
[0;31m[1m000[0m[0m [0;34m[1m[0.713964s][0m[0m [0;36m[1m[*]Checking 07/11/22 10:34:24--> [1;33m[1mhttps://www.zzzzzz.com[0;35m[1m [*] [0;32m[1mC=7 -> [0;36m[1mS=0 [1;33m[1mS5=0 [0;31m[1mE=7 [0;31m[1m<[FAIL]> [0m[0m
[0;32m[1m200[0m[0m [0;34m[1m[0.816117s][0m[0m [0;36m[1m[*]Checking 07/11/22 10:35:25--> [1;33m[1mhttps://www.xxxxxx.com[0;35m[1m [*] [0;32m[1mC=8 -> [0;36m[1mS=1 [1;33m[1mS5=0 [0;31m[1mE=0 [0;32m[1m<[OK]> [0m[0m
[0;31m[1m000[0m[0m [0;34m[1m[0.120381s][0m[0m [0;36m[1m[*]Checking 07/11/22 10:35:26--> [1;33m[1mhttps://www.yyyyyy.com[0;35m[1m [*] [0;32m[1mC=8 -> [0;36m[1mS=0 [1;33m[1mS5=0 [0;31m[1mE=8 [0;31m[1m<[FAIL]> [0m[0m
[0;31m[1m000[0m[0m [0;34m[1m[0.118032s][0m[0m [0;36m[1m[*]Checking 07/11/22 10:35:26--> [1;33m[1mhttps://www.dddddd.com[0;35m[1m [*] [0;32m[1mC=8 -> [0;36m[1mS=0 [1;33m[1mS5=0 [0;31m[1mE=8 [0;31m[1m<[FAIL]> [0m[0m
[0;31m[1m000[0m[0m [0;31m[1m[15.605899s][0m[0m [0;36m[1m[*]Checking 07/11/22 10:35:43--> [1;33m[1mhttps://www.bbbbbb.com[0;35m[1m [*] [0;32m[1mC=8 -> [0;36m[1mS=0 [1;33m[1mS5=8 [0;31m[1mE=8 [0;31m[1m<[FAIL]> [0m[0m
[0;31m[1m000[0m[0m [0;34m[1m[0.689588s][0m[0m [0;36m[1m[*]Checking 07/11/22 10:35:44--> [1;33m[1mhttps://www.zzzzzz.com[0;35m[1m [*] [0;32m[1mC=8 -> [0;36m[1mS=0 [1;33m[1mS5=0 [0;31m[1mE=8 [0;31m[1m<[FAIL]> [0m[0m
[0;32m[1m200[0m[0m [0;34m[1m[0.935568s][0m[0m [0;36m[1m[*]Checking 07/11/22 10:36:45--> [1;33m[1mhttps://www.xxxxxx.com[0;35m[1m [*] [0;32m[1mC=9 -> [0;36m[1mS=1 [1;33m[1mS5=0 [0;31m[1mE=0 [0;32m[1m<[OK]> [0m[0m
[0;31m[1m000[0m[0m [0;34m[1m[0.119102s][0m[0m [0;36m[1m[*]Checking 07/11/22 10:36:46--> [1;33m[1mhttps://www.yyyyyy.com[0;35m[1m [*] [0;32m[1mC=9 -> [0;36m[1mS=0 [1;33m[1mS5=0 [0;31m[1mE=9 [0;31m[1m<[FAIL]> [0m[0m
[0;31m[1m000[0m[0m [0;34m[1m[0.120397s][0m[0m [0;36m[1m[*]Checking 07/11/22 10:36:47--> [1;33m[1mhttps://www.dddddd.com[0;35m[1m [*] [0;32m[1mC=9 -> [0;36m[1mS=0 [1;33m[1mS5=0 [0;31m[1mE=9 [0;31m[1m<[FAIL]> [0m[0m
[0;31m[1m000[0m[0m [0;31m[1m[11.661722s][0m[0m [0;36m[1m[*]Checking 07/11/22 10:36:59--> [1;33m[1mhttps://www.bbbbbb.com[0;35m[1m [*] [0;32m[1mC=9 -> [0;36m[1mS=0 [1;33m[1mS5=9 [0;31m[1mE=9 [0;31m[1m<[FAIL]> [0m[0m
[0;31m[1m000[0m[0m [0;34m[1m[0.743916s][0m[0m [0;36m[1m[*]Checking 07/11/22 10:37:01--> [1;33m[1mhttps://www.zzzzzz.com[0;35m[1m [*] [0;32m[1mC=9 -> [0;36m[1mS=0 [1;33m[1mS5=0 [0;31m[1mE=9 [0;31m[1m<[FAIL]> [0m[0m
[0;32m[1m****************************************************************** [1;35m[1mCompleted 07/11/22 10:37:50[0;32m[1m ******************************************************************[0m[0m
[0;32m[1m****************************************************************** [0;34m[1mChecking 07/11/22 10:57:13[0;32m[1m ******************************************************************[0m[0m
[0;32m[1m200[0m[0m [0;34m[1m[0.936988s][0m[0m [0;36m[1m[*]Checking 07/11/22 10:57:14--> [1;33m[1mhttps://www.xxxxxx.com[0;35m[1m [*] [0;32m[1mC=1 -> [0;36m[1mS=0 [1;33m[1mS5=0 [0;31m[1mE=0 [0;32m[1m<[OK]> [0m[0m
[0;31m[1m000[0m[0m [0;34m[1m[0.263588s][0m[0m [0;36m[1m[*]Checking 07/11/22 10:57:15--> [1;33m[1mhttps://www.yyyyyy.com[0;35m[1m [*] [0;32m[1mC=1 -> [0;36m[1mS=0 [1;33m[1mS5=0 [0;31m[1mE=1 [0;31m[1m<[FAIL]> [0m[0m
[0;31m[1m000[0m[0m [0;34m[1m[0.200322s][0m[0m [0;36m[1m[*]Checking 07/11/22 10:57:15--> [1;33m[1mhttps://www.dddddd.com[0;35m[1m [*] [0;32m[1mC=1 -> [0;36m[1mS=0 [1;33m[1mS5=0 [0;31m[1mE=1 [0;31m[1m<[FAIL]> [0m[0m
[0;32m[1m****************************************************************** [1;35m[1mCompleted 07/11/22 10:57:23[0;32m[1m ******************************************************************[0m[0m
[0;32m[1m****************************************************************** [0;34m[1mChecking 07/11/22 10:57:30[0;32m[1m ******************************************************************[0m[0m
[0;32m[1m200[0m[0m [0;34m[1m[0.856873s][0m[0m [0;36m[1m[*]Checking 07/11/22 10:57:31--> [1;33m[1mhttps://www.xxxxxx.com[0;35m[1m [*] [0;32m[1mC=1 -> [0;36m[1mS=0 [1;33m[1mS5=0 [0;31m[1mE=0 [0;32m[1m<[OK]> [0m[0m
[0;31m[1m000[0m[0m [0;34m[1m[0.116941s][0m[0m [0;36m[1m[*]Checking 07/11/22 10:57:31--> [1;33m[1mhttps://www.yyyyyy.com[0;35m[1m [*] [0;32m[1mC=1 -> [0;36m[1mS=0 [1;33m[1mS5=0 [0;31m[1mE=1 [0;31m[1m<[FAIL]> [0m[0m
[0;31m[1m000[0m[0m [0;34m[1m[0.120377s][0m[0m [0;36m[1m[*]Checking 07/11/22 10:57:32--> [1;33m[1mhttps://www.dddddd.com[0;35m[1m [*] [0;32m[1mC=1 -> [0;36m[1mS=0 [1;33m[1mS5=0 [0;31m[1mE=1 [0;31m[1m<[FAIL]> [0m[0m
[0;32m[1m****************************************************************** [1;35m[1mCompleted 07/11/22 10:57:45[0;32m[1m ******************************************************************[0m[0m
[0;32m[1m****************************************************************** [0;34m[1mChecking 07/11/22 10:57:48[0;32m[1m ******************************************************************[0m[0m
[0;32m[1m200[0m[0m [0;34m[1m[0.822450s][0m[0m [0;36m[1m[*]Checking 07/11/22 10:57:49--> [1;33m[1mhttps://www.xxxxxx.com[0;35m[1m [*] [0;32m[1mC=1 -> [0;36m[1mS=0 [1;33m[1mS5=0 [0;31m[1mE=0 [0;32m[1m<[OK]> [0m[0m
[0;31m[1m000[0m[0m [0;34m[1m[0.118896s][0m[0m [0;36m[1m[*]Checking 07/11/22 10:57:50--> [1;33m[1mhttps://www.yyyyyy.com[0;35m[1m [*] [0;32m[1mC=1 -> [0;36m[1mS=0 [1;33m[1mS5=0 [0;31m[1mE=1 [0;31m[1m<[FAIL]> [0m[0m
[0;31m[1m000[0m[0m [0;34m[1m[0.118623s][0m[0m [0;36m[1m[*]Checking 07/11/22 10:57:50--> [1;33m[1mhttps://www.dddddd.com[0;35m[1m [*] [0;32m[1mC=1 -> [0;36m[1mS=0 [1;33m[1mS5=0 [0;31m[1mE=1 [0;31m[1m<[FAIL]> [0m[0m
[0;31m[1m000[0m[0m [1;33m[1m[3.322668s][0m[0m [0;36m[1m[*]Checking 07/11/22 10:57:54--> [1;33m[1mhttps://www.bbbbbb.com[0;35m[1m [*] [0;32m[1mC=1 -> [0;36m[1mS=1 [1;33m[1mS5=0 [0;31m[1mE=1 [0;31m[1m<[FAIL]> [0m[0m
[0;31m[1m000[0m[0m [0;34m[1m[0.730468s][0m[0m [0;36m[1m[*]Checking 07/11/22 10:57:55--> [1;33m[1mhttps://www.zzzzzz.com[0;35m[1m [*] [0;32m[1mC=1 -> [0;36m[1mS=0 [1;33m[1mS5=0 [0;31m[1mE=1 [0;31m[1m<[FAIL]> [0m[0m
[0;32m[1m200[0m[0m [0;34m[1m[0.827546s][0m[0m [0;36m[1m[*]Checking 07/11/22 10:58:56--> [1;33m[1mhttps://www.xxxxxx.com[0;35m[1m [*] [0;32m[1mC=2 -> [0;36m[1mS=0 [1;33m[1mS5=0 [0;31m[1mE=0 [0;32m[1m<[OK]> [0m[0m
[0;31m[1m000[0m[0m [0;34m[1m[0.119026s][0m[0m [0;36m[1m[*]Checking 07/11/22 10:58:57--> [1;33m[1mhttps://www.yyyyyy.com[0;35m[1m [*] [0;32m[1mC=2 -> [0;36m[1mS=0 [1;33m[1mS5=0 [0;31m[1mE=2 [0;31m[1m<[FAIL]> [0m[0m
[0;31m[1m000[0m[0m [0;34m[1m[0.122375s][0m[0m [0;36m[1m[*]Checking 07/11/22 10:58:57--> [1;33m[1mhttps://www.dddddd.com[0;35m[1m [*] [0;32m[1mC=2 -> [0;36m[1mS=0 [1;33m[1mS5=0 [0;31m[1mE=2 [0;31m[1m<[FAIL]> [0m[0m
[0;31m[1m000[0m[0m [0;31m[1m[15.610561s][0m[0m [0;36m[1m[*]Checking 07/11/22 10:59:14--> [1;33m[1mhttps://www.bbbbbb.com[0;35m[1m [*] [0;32m[1mC=2 -> [0;36m[1mS=1 [1;33m[1mS5=1 [0;31m[1mE=2 [0;31m[1m<[FAIL]> [0m[0m
[0;31m[1m000[0m[0m [0;34m[1m[0.707015s][0m[0m [0;36m[1m[*]Checking 07/11/22 10:59:16--> [1;33m[1mhttps://www.zzzzzz.com[0;35m[1m [*] [0;32m[1mC=2 -> [0;36m[1mS=0 [1;33m[1mS5=0 [0;31m[1mE=2 [0;31m[1m<[FAIL]> [0m[0m
[0;32m[1m200[0m[0m [0;34m[1m[0.791905s][0m[0m [0;36m[1m[*]Checking 07/11/22 11:00:17--> [1;33m[1mhttps://www.xxxxxx.com[0;35m[1m [*] [0;32m[1mC=3 -> [0;36m[1mS=0 [1;33m[1mS5=0 [0;31m[1mE=0 [0;32m[1m<[OK]> [0m[0m
[0;31m[1m000[0m[0m [0;34m[1m[0.119391s][0m[0m [0;36m[1m[*]Checking 07/11/22 11:00:17--> [1;33m[1mhttps://www.yyyyyy.com[0;35m[1m [*] [0;32m[1mC=3 -> [0;36m[1mS=0 [1;33m[1mS5=0 [0;31m[1mE=3 [0;31m[1m<[FAIL]> [0m[0m
[0;31m[1m000[0m[0m [0;34m[1m[0.121096s][0m[0m [0;36m[1m[*]Checking 07/11/22 11:00:18--> [1;33m[1mhttps://www.dddddd.com[0;35m[1m [*] [0;32m[1mC=3 -> [0;36m[1mS=0 [1;33m[1mS5=0 [0;31m[1mE=3 [0;31m[1m<[FAIL]> [0m[0m
[0;31m[1m000[0m[0m [0;31m[1m[14.095559s][0m[0m [0;36m[1m[*]Checking 07/11/22 11:00:33--> [1;33m[1mhttps://www.bbbbbb.com[0;35m[1m [*] [0;32m[1mC=3 -> [0;36m[1mS=1 [1;33m[1mS5=2 [0;31m[1mE=3 [0;31m[1m<[FAIL]> [0m[0m
[0;31m[1m000[0m[0m [0;34m[1m[0.735116s][0m[0m [0;36m[1m[*]Checking 07/11/22 11:00:34--> [1;33m[1mhttps://www.zzzzzz.com[0;35m[1m [*] [0;32m[1mC=3 -> [0;36m[1mS=0 [1;33m[1mS5=0 [0;31m[1mE=3 [0;31m[1m<[FAIL]> [0m[0m
[0;32m[1m200[0m[0m [0;34m[1m[0.824585s][0m[0m [0;36m[1m[*]Checking 07/11/22 11:01:35--> [1;33m[1mhttps://www.xxxxxx.com[0;35m[1m [*] [0;32m[1mC=4 -> [0;36m[1mS=0 [1;33m[1mS5=0 [0;31m[1mE=0 [0;32m[1m<[OK]> [0m[0m
[0;31m[1m000[0m[0m [0;34m[1m[0.119829s][0m[0m [0;36m[1m[*]Checking 07/11/22 11:01:36--> [1;33m[1mhttps://www.yyyyyy.com[0;35m[1m [*] [0;32m[1mC=4 -> [0;36m[1mS=0 [1;33m[1mS5=0 [0;31m[1mE=4 [0;31m[1m<[FAIL]> [0m[0m
[0;31m[1m000[0m[0m [0;34m[1m[0.118262s][0m[0m [0;36m[1m[*]Checking 07/11/22 11:01:37--> [1;33m[1mhttps://www.dddddd.com[0;35m[1m [*] [0;32m[1mC=4 -> [0;36m[1mS=0 [1;33m[1mS5=0 [0;31m[1mE=4 [0;31m[1m<[FAIL]> [0m[0m
[0;31m[1m000[0m[0m [0;31m[1m[11.665215s][0m[0m [0;36m[1m[*]Checking 07/11/22 11:01:49--> [1;33m[1mhttps://www.bbbbbb.com[0;35m[1m [*] [0;32m[1mC=4 -> [0;36m[1mS=1 [1;33m[1mS5=3 [0;31m[1mE=4 [0;31m[1m<[FAIL]> [0m[0m
[0;31m[1m000[0m[0m [0;34m[1m[0.708651s][0m[0m [0;36m[1m[*]Checking 07/11/22 11:01:51--> [1;33m[1mhttps://www.zzzzzz.com[0;35m[1m [*] [0;32m[1mC=4 -> [0;36m[1mS=0 [1;33m[1mS5=0 [0;31m[1mE=4 [0;31m[1m<[FAIL]> [0m[0m
[0;32m[1m200[0m[0m [1;33m[1m[1.002596s][0m[0m [0;36m[1m[*]Checking 07/11/22 11:02:52--> [1;33m[1mhttps://www.xxxxxx.com[0;35m[1m [*] [0;32m[1mC=5 -> [0;36m[1mS=1 [1;33m[1mS5=0 [0;31m[1mE=0 [0;31m[1m<[FAIL]> [0m[0m
[0;31m[1m000[0m[0m [0;34m[1m[0.117692s][0m[0m [0;36m[1m[*]Checking 07/11/22 11:02:52--> [1;33m[1mhttps://www.yyyyyy.com[0;35m[1m [*] [0;32m[1mC=5 -> [0;36m[1mS=0 [1;33m[1mS5=0 [0;31m[1mE=5 [0;31m[1m<[FAIL]> [0m[0m
[0;31m[1m000[0m[0m [0;34m[1m[0.119397s][0m[0m [0;36m[1m[*]Checking 07/11/22 11:02:53--> [1;33m[1mhttps://www.dddddd.com[0;35m[1m [*] [0;32m[1mC=5 -> [0;36m[1mS=0 [1;33m[1mS5=0 [0;31m[1mE=5 [0;31m[1m<[FAIL]> [0m[0m
[0;31m[1m000[0m[0m [0;31m[1m[11.661223s][0m[0m [0;36m[1m[*]Checking 07/11/22 11:03:06--> [1;33m[1mhttps://www.bbbbbb.com[0;35m[1m [*] [0;32m[1mC=5 -> [0;36m[1mS=1 [1;33m[1mS5=4 [0;31m[1mE=5 [0;31m[1m<[FAIL]> [0m[0m
[0;31m[1m000[0m[0m [0;34m[1m[0.750075s][0m[0m [0;36m[1m[*]Checking 07/11/22 11:03:07--> [1;33m[1mhttps://www.zzzzzz.com[0;35m[1m [*] [0;32m[1mC=5 -> [0;36m[1mS=0 [1;33m[1mS5=0 [0;31m[1mE=5 [0;31m[1m<[FAIL]> [0m[0m
[0;32m[1m****************************************************************** [1;35m[1mCompleted 07/11/22 11:03:53[0;32m[1m ******************************************************************[0m[0m
